c:\users\domi\downloads\odtwarzaczcif-master\make.visual\x64\debug\vc140.pdb
c:\users\domi\downloads\odtwarzaczcif-master\make.visual\x64\debug\vc140.idb
c:\users\domi\downloads\odtwarzaczcif-master\make.visual\x64\debug\main.obj
f:\eit\sem6\zpwm\dobre\lab10\make.visual\x64\debug\vc140.pdb
f:\eit\sem6\zpwm\dobre\lab10\make.visual\x64\debug\vc140.idb
f:\eit\sem6\zpwm\dobre\lab10\make.visual\x64\debug\main.obj
c:\users\domi\downloads\odtwarzaczcif-master\bin\zajecia.ilk
c:\users\domi\downloads\odtwarzaczcif-master\bin\zajecia.exe
c:\users\domi\downloads\odtwarzaczcif-master\bin\zajecia.pdb
f:\eit\sem6\zpwm\dobre\lab10\bin\zajecia.ilk
f:\eit\sem6\zpwm\dobre\lab10\bin\zajecia.exe
f:\eit\sem6\zpwm\dobre\lab10\bin\zajecia.pdb
c:\users\domi\downloads\odtwarzaczcif-master\make.visual\x64\debug\res.res
f:\eit\sem6\zpwm\dobre\lab10\make.visual\x64\debug\res.res
f:\eit\sem6\zpwm\dobre\lab10\make.visual\\..\bin\zajecia.pdb
f:\eit\sem6\zpwm\dobre\lab10\make.visual\\..\bin\zajecia.exe
f:\eit\sem6\zpwm\dobre\lab10\make.visual\\..\bin\zajecia.ilk
f:\eit\sem6\zpwm\dobre\lab10\make.visual\x64\debug\zajecia.tlog\cl.command.1.tlog
f:\eit\sem6\zpwm\dobre\lab10\make.visual\x64\debug\zajecia.tlog\cl.read.1.tlog
f:\eit\sem6\zpwm\dobre\lab10\make.visual\x64\debug\zajecia.tlog\cl.write.1.tlog
f:\eit\sem6\zpwm\dobre\lab10\make.visual\x64\debug\zajecia.tlog\link.command.1.tlog
f:\eit\sem6\zpwm\dobre\lab10\make.visual\x64\debug\zajecia.tlog\link.read.1.tlog
f:\eit\sem6\zpwm\dobre\lab10\make.visual\x64\debug\zajecia.tlog\link.write.1.tlog
f:\eit\sem6\zpwm\dobre\lab10\make.visual\x64\debug\zajecia.tlog\rc.command.1.tlog
f:\eit\sem6\zpwm\dobre\lab10\make.visual\x64\debug\zajecia.tlog\rc.read.1.tlog
f:\eit\sem6\zpwm\dobre\lab10\make.visual\x64\debug\zajecia.tlog\rc.write.1.tlog
